distributing 16.4937 SOL from
4PC3jH8txRfFfa2n9AtuQMY3CZ2e3Bq8sbHEG784Zp6C
total available before distribution
109.18941504 SOL
distributing 16.4937 SOL from
4PC3jH8txRfFfa2n9AtuQMY3CZ2e3Bq8sbHEG784Zp6C
total available before distribution
109.18941504 SOL
distributing 16.4937 SOL from
4PC3jH8txRfFfa2n9AtuQMY3CZ2e3Bq8sbHEG784Zp6C
total available before distribution
109.18941504 SOL
distributing 16.4937 SOL from
4PC3jH8txRfFfa2n9AtuQMY3CZ2e3Bq8sbHEG784Zp6C
total available before distribution
109.18941504 SOL

Signature: vVNKTYCowZw7x6VKDab7KW77oXoC1Jv29wqAcTiTQG1HpaLPyZKE7x9DQQZAXcF3XYBqwmyvUH9VcqqgJqgDbEz


Signature: 5fL4TDzaYdy7DpwGNVTQoFHm4erPHnPNijG6ERyqa6KVVXsg2JLQPms3cpX1Ujnt39oG5Wny7ri2aocYsKazmwbe

distributing 16.4937 SOL from
4PC3jH8txRfFfa2n9AtuQMY3CZ2e3Bq8sbHEG784Zp6C
total available before distribution
104.62230504 SOL

Signature: 4Jo3YRD8PTt2mNXtdNo1H2qTEQSaTsC4BfHhfBnbQGPGdZhRMrsaVJivfTvu3CLz2gkCbwvyi4gbNyHWErsaB3hB

total available after distribution
101.06956004 SOL
