238TiUaK4b7wz25gHsLggtz2zSafERYybA5xoxNr4SHv
25Zbxtk92esi9wU92zqkziFrzSwDkaLauJ5JqSkbhau1
27VD5AJkkp3Q7UqXsMzHJ8jUAhGmCdU46RYTFhTvB8ac
2Fyue4MG8bjiRLwV8GSFT14CVkKLJTupLS1y6ocRCEK1
2GJYNtfhRj7S7dzZydoHdtqojWpHmv8LCShB6BTA4XVo
2MF2FnQEjLwSgEU2rKJysNkFxxEpd12tvRuqQ5KVG3bn
2NbLF6EcwmqQWG3tdaL6nWSZEa65egWZt5mc1KsLwrmW
2WJkA7NWk5vx8gw1v6BrwTcz65EEppc1dX1NY5L8dJSQ
334yUsNq1yqKnWUFbCHjfLk51XZZf1FoaEhoXSm72wao
3CV5jBuZPBgy86i8qYY1TPFT4mqoCEFmY3pfj8rFf54P
3GJWQix3C6nziYGmkGr7DyEhGYG2SXCKpQB7TWigorgo
3KfDrPbhNvoPkrn3UwwwRWWU83mqDHvkn4aCriq93uaj
3WXCBKrSVx3Udbmq3NxWL4rjaUewURhB69yvNCDk7TFF
3dxEBnYCPx3FtY7ajf7pMM1ei3MMS8FdidASx9aZsHko
3f8StTAu3dUoYZhFQt6YXxTQtbxj2W5vXMdf6MRUDhZ8
3gU9SdZk1nq6ovWEihxsnCBQNGFFV61PxxJXJKGmFRzP
3op2uwXbML7hZE4GhyW3UbJUmu5rnQKw4YTmV6kXgzpF
3qLvRjaY1tbmLL2yMqD2yL6qdu4B8ke9WEsk1fC8776A
3qbg9TrAABZPpuLe7MAqimgmzViMG2utxyvydLLgEYen
3s6t8WCJ6X8GMK1nfTPAkkHgXSA6UyCEi2bNhUGmhTYG
3uRt9j2KwkJQ5jyKZKbXMW1MLrCDTw1roRp1b2D5R7B3
4CP2yDGdr9G2JpnRQA7iGSVJQ8c9uwTMHaWfdz1g1HtG
4Dxnj1sgtunUgvWZ3wRX18pJZyTzxgQJT2X6CMQaP2uQ
4NDMikZSp17rksE67Ea4aZ25GbAzELpzNq4ySr6WeCd8
4Q1TGHyQBnYDUKuFwQqYDkiCEDkh4FSrSpUp9rGEg7Kk
4SRsfVhtgC6rHJtpHPin2ysKjSMwauVnsd8tgFBeA44f
4ZYFHcHGNL7b9k52ayCJmMDD19fbddV84wEQqHUi3PAY
4jwxF1yiQVYCnMFGQKXBxxLtxwwYuF54JRYqJR71DdFt
51tVoT6JZDtXbyH8XiVWbwLjTMVwvYmaSc6xkgdfRhLt
54nSwhCb8kLtdGgkkCqupAhkGEQ5JWSKE6QAVWSyayuw
568nCaGESDdnBkL1gRfoC4hmv8XbQQ4q3ifEcwX4uA51
58dDpHtQSrAVTzddvc7z54iiRv2oaV2KTuedFzreJoh
58dkqPA15e4gFdQ8kgwjSVvwZHjhCEXsYhpkvhkMm5hP
5Hyxm1WUNy9nUYbhYW7tmSzw8zy12yc1549RcWrMRZ6k
5M65jPQA2fUdwQf58ygtxtHKzjUn85rgaorDqcR2Y2N5
5MfGryqdaTTqjG3wnZ3q7S7d8eW53qbVyYHbi4atiWFa
5W6mHXHcXwnMr1u9iTVwNPBMqq1wQPSSw3upyuV5nC4v
5rgP2D4b4VPMTvq3EJq3xcWMUEmusaPEAsTMcakvcnZn
6G983ufA45PsfNDA86dhh2XdNkHd7pMyX5vDW7ygAiTz
6LKrMCBGNwogptXCSnLafFLUME1ErRygruny3M5i8G7d
6MMmexm8VZ7w3KWcpvwj81QJUZmca9AX3mDDq6vhVeKc
6Z8Hi7bU5JPqyuWSGusZq7tu35omXfaCBzP4h9HJGEBQ
6kU5TG2EUJPguyd3k7N1TUVVj9bxDWtbcyLXx3fij5Mv
6pJ4N6FgvYt3ZUhEHHK1zeZscLQEB5quCLaxav84Twuq
74YMQfSTYWjmgkFQNyo1gZS7By8g4zZJx1YzC88h6A3
7FDfz3H7YM6n3MFYXGYLHfo9zeicQ8Aia2N7wSNRCkqK
7PFTTxxKA7hp1p42vnpdbhScYdiUydgC1vo8qPjGsjv3
7QmZ6LZRPDTPXk9RmRusXmbpytFZjBm7K9oZ8HYfiZLW
7VN1UAF1ACxhWgAK3vxSsqJgA8AM3JBka8WTKKgYwKQM
7ZH7YJTEC3CfqM4Lpv5eFrguzCTXCqBNrfoSK1D9uXMU
7qPya6zh1SyLuDWhGLJUnBGcJ2Q1hSJSXchzN52PNAnE
7zgCipH8BNjT8mBmms1Uf7K1cW2YaiEDdFdRKCNrJQRJ
82644ZumV9nWt3yLcMDJm4gcbsfSSQLhMY2F5c3wdbXH
88GQNkqkqNkUKnu1qS7MN3briaidnc1xVj6vMLvnKTVp
8BvGTH5WWgdXdcvqertPfE2UWGaLPpwfemtiQ5KVSs45
8HgGDL2kjv1BptZDvMbDwc8VKMQF6v961r57BnZHj2w3
8Tj7LihUuVJEgWDDRRianbk9FkW8yQKTVg5H9RGNRQ5N
8ZJUGeJHQsH5KYaUp6KDowUrkVdkHwpAQX4iNfoW5Tfr
8bVCEYHt4M4sFxp6H3Z5nz6ZC2mgMkjfXsMy9Eq4GTix
8jdod67mB5GvZaGzKTLYrjA99Ca3Razg1SkHPgsKf9BX
92WZsNN26FamC224Ev73L2F2X5iu5kAMY8xNwQ47G8wc
98zrdwiXwV5Y6KoUu9c6gVFFTgLxETfKjgA7GEKjB1Eo
9WGDnvkaeesh4iPyMB1Z9Dp8v9hVoGsZH9x7km9pJZUa
9X6xMo5TAPM7ADRgAnyv3SbnmBQtFs9efZ627dtdx2VS
9c12mckuDPje81mFxeQesfR4EesU6Tp1ruGuv2dn6YMg
9eXRdMweze75wcNarueL5zgaZRJfUc1RaUXoCriQQN2X
9oT2TN3drjxKSaPfFEikkPJ2AyZd2uJcbnzLnhzm3n9V
9sUHCrWrdEd3Zgzu1rojD8KrXkSVjG8oDN4qmK736XhF
A6eMwNt3nq6ta2N4vwptUCRWxmafgs5cFchkqfdKeABB
A7vofB7j2ejsAMbFiQkbdDSh5MTxE4bCgSzWo1A4pRbY
ABXu512sLgfQaFukSaoRZdDdmvnsELFhsENZcHUpDd57
AZN2NjPysfU5c6ALwq11pL8EdMmpdp5CJyee1jaJL8iJ
AaAA6b8FgPni4KxUTJwUH662FDkJPhkh7s4Uz4efzvgP
AdE4BwNnK1JhfnePXHoY2rxVgLLQKV3Kkb242UymTEJp
AfqYbz8TVqfJz8w2NxriMKrsgiM5dyfbetxJHDBiWCBj
AhrnP75Ha2kvKoSHRwRhwJv5yyT9aSc8eNUM1a8xtjAw
AuaMaR2HBJjgiBpX2nX5tCKdsRTQwAZb9kv7XrDhPmp4
AwWbBYCvy5MmcMxxJzPKvYmbCrXoiSkyGg69Qfjy1tMc
B5Nb1FBnv9wHoA5TH7pQK8uKdJQCtufsH6ddjfAGxWbN
B6g8oR9en5yPRzEnCUKPK3FuVqpeEAFPprCTbFyTQZqM
BGPZCArDTJUSS2dhyGNZZdx9etQqJxGujmvWTA2mTFfk
BNG4g3Yct6wWE2fx4f2vZz8fgHB7ZBftHawuaG3Y3eBo
BZrTijsHftRSLa9vmmXqzyxzfkAc4o9Lydam4CyTxNb9
Bh9cxUyq5WhCKxonzz7FD4LfGCcNyCuFKXuxEypomZsF
BmjRs684orv2mag4ioz92RFRfs4u9AXrxN227PJiFuwz
Bnb3YHRzEdybPkyQK2eg9maqnagX1qYEwQgzPpnEX5kE
Btvi9Q71EyiBszMhgkrqeBh4da5rMASt6ugmoRyhRmoN
C4CcbVC5jb4RwuCw3Pv8wgYtSYjLz4BjzhuBfzif9kG
C4YzieqdVKXzwA9r4maXMWTiA2LBWioAfVapNq8XtC6T
C5eerhvpxiXUFAKepaK5cQCqhzqyaCTyPYJKoHL2s1L9
C7Who7gDsPzthN51r5VLwbrRajwd4Cydn1jgWhhwVc2X
CDLJWyVy9P5MrSgPrYE7GBSDq1SP6vPM9E75XMBR5r5w
CHX9gHxYHEQwzNAaCdejLJ6Ex5Un2ZZ9vVxczsjgnknA
CUUs6nmcE3o54CXf6EH66HHxHxcJpK2xu9rDhaDDB5Kz
CcPDXjGF9w4wJ4CVvsaK61h5XsBMYhmGUczbt9ADsTVp
CmFdG8vy9XNuP18SeZxaxWJKTFNpyS9w4brrf8uuAks2
CqPgc6kzSUGzdnEtspgktERpBity2FzFcVpMSrsqUaS1
CzLeZMNgc19L7PT8rhuJb1T9FsSVXNGts5amTxZXzkJh
D29gw35uEfpaBY5HDfwoRPTDq8ZhRJnESBrVc4UKb3QM
DYxiG9TXz6sCK7kha4meuMbwEyo4N82PHkUpb5CGta4H
DeSHSUsesHXxEZ2bMspm97UsdDV4Lvt1GxgZ1TVpQLUv
DfuH7angqrsbdobnr3p5djyqWTGUM9PCJ6kGrjrgrbVD
DfwiY2aAAPpeT1ia7PaWQ6KcyYcX4RZhGmKAsRRQYpNx
DvYxEWtoncMgTicGe9yhMhEuywgwcs2yv3NGR2JZobHP
EDyaP4eHv53A6pbDrZBcMPDuF98dy3ZM3YeXaJm2sboY
EEPdRUBMNjChWaRDHR3NUooBVTyMAz398iMP7z2XnvgW
EPN5i19vX54S3VTVPWCRGkKqrP5vSg2Jwo83ZjVAdm6R
EXMixom4g23a7T6GN5uZyEQGSUTqUpB5Mccx6J2xVTGW
EcmiCnKVrFz3GUNBPThZFeduUxBnXGgm9RqADFQoXSHZ
EsV5d6N2UxwoWaJiiH5Daa2oVk32um5jktne3iwfdp2J
ExPn27kAUGVhf7Q9WBm9t4q9rRprzhwyx1Z9g9zKpBLh
EyFykYQNUipcBPWhqAPxPr6NnNKHdkq4uaJNy8DZpBJG
FSBQsGWpxSZCmNdYqugJfmQy9MdD1zQZuzgJdntEz1zr
FVudTEzYGV1nykxpPCCg2sbrLgFEFFsFwUdbX63TLtNA
GD1V4nc3C9Qy7Vn2QRik6KomuEbFsM2pb7J3cUmEwLnW
GKMegDQCFBJvUAio1N5E5pdUz88LyNwPRa7ARMhk2DGm
GRDhK78jUW7YpPyP7hueSs1noaGuixKUrwHHhjBLtqgT
GSx1NoZRCtKbiSbTW77T1gysSBPjuPSpdMiRDuVaTTpP
GTAe2fQSoGTgWRCZyHERZRkfcPz4hCcBYnY8AUTdNXbe
Ga4NujEGJkTgHhn2gYv9ByWMrHdEezZfN9AQALG7fQ7y
GcHDhwUoXRSmEi4GAq46r8xzC7U8ZH6ciKuRWHyM4euh
GhtM3oZVLXwfFg1U7DWwXPrMGdjmVS76BJhaVvSHbEPU
GrKWh2P5A6xPwPcLnNaSy4b5u4JLpRficdncMziwo5xR
GuwgduBZW46d6A5B4ewkMY2yK48qTuXPaTPvFAtyUT9c
H46REJKaCFzDfhUs4wb13zf9NKvMF15njYpdMfExRMaw
HB5sN4rDiDf3hEJ9x3rR1kaQNzN2emVuGCigJ4ECuwig
HGStZFiqQBbWa1eibd4yZeJpeRz5u7MDpMLxgKktjRFC
HLHuQ5tAcFK5RFUeKHc4bX6dG9fawsTAHRYXy7CR6Xwg
Hc7fzNGyMghb92BKZvSuSs37yuszbvyP8G1Abs9FwRax
Hn1PzPw6DMv1rkVdyMtfma5NJhxSMAFT63eDmx1p5hLT
HsLhJorpaD4saDAssQxVG11F32PRKE8XaGxV1g7qKnMP
Hv26JrWJtWpTpff2KqTzUvnHauGgGxGvhzbuUcZqmAfb
Hx56DW6VcujfAet2UirQyFmqgnBhJ1LKxNiGhtrNZuDv
Hyq9rJdf24W2yG5VCs9AzThSXc9sbbXRAq4KweZmmyq5
J345j4gkV9VMV9xkCwKBfbwdS2DFHdZvkCAZfbzZTrvh
J3jg2ouHjP7aV4We778jWFE5CtJgKAAuh44GYATWGHcc
J7CVK6ZgGUsYCXEEQGYXjnvF9wRzsPdwuvi8WVq6BPmW
JC2TghtUnXCdEaMCQ8CUekzmveNGwaCLBiQXJYgjU6ho
JCbsgB82cWZrdh4doYHqjmisMEbm8Q17QUNv9AGXTNAm
MVMGXeYvqQsvwdMvMtNjXGoQSuWc18bbu19UoAdBrda
b7HeQvuh4nrz1oR9jhAcmHCQVNuhhkqo7GV7b7H5oDo
f4mtzUqTdgv22S4n8qUTvtPY8CaYVo7R15Hb9KVk4W5
fqjVVN4htDq5hBWTexUpbqBv4SgHXGXfq1dxhMZYknR
iW7M4Hihpvx3WoJZbL5sqkEfMHNitHtBH4EiJpqATrK
rDYirCz8E1eo2VDLDX4DsBVvGkc7Vz1RKy2SLFiNajR
zw6DkcmtoeUHZbohFH3ERcQipdiC3RRaPeha2HQiWQ8
