Minting 10 tokens...
wallet public key: 48sM2TNCP5Yjxn3ZgFSgGhYTC7ZNqaMN4UtwSB4WprRt
USING CUSTOM URL https://psytrbhymqlkfrhudd.dev.genesysgo.net:8899
transaction 1 complete 4T3TcJz81b4rfPEgZy9qp3gVVrfYnR7QazoLNAk5G28ZzsWJJijxZZMFCRowHZTpoGU8LcLEZW7RPyrgaZhBxciN
minting another token...
wallet public key: 48sM2TNCP5Yjxn3ZgFSgGhYTC7ZNqaMN4UtwSB4WprRt
USING CUSTOM URL https://psytrbhymqlkfrhudd.dev.genesysgo.net:8899
transaction 2 complete 26vGsyvCeRBfDXYUUExtSQe2jRc4CUorcSHNwuxbn5VHo1Ls8BtGyxFJwHDUQFqvZgvvTMnXXrocxCTJP9Yfi5Ff
minting another token...
wallet public key: 48sM2TNCP5Yjxn3ZgFSgGhYTC7ZNqaMN4UtwSB4WprRt
USING CUSTOM URL https://psytrbhymqlkfrhudd.dev.genesysgo.net:8899
transaction 3 complete hRVwRjxfDzJuddFCrKTEg3y57ZyhKyA9CDxtxvxSfejLUPaVW9bbJrsfs8Wig3Byskt6dH2okfYZDCPNxRjM9T1
minting another token...
wallet public key: 48sM2TNCP5Yjxn3ZgFSgGhYTC7ZNqaMN4UtwSB4WprRt
USING CUSTOM URL https://psytrbhymqlkfrhudd.dev.genesysgo.net:8899
transaction 4 complete 4R3VWmVm6zoUCwVjKExSYQ7yu5nm8JhKXQiaBfEwUXAkF5parGoyyVYnqbhbXbQZNHJvYbP3R6ZmwUJKNQ9xrMbs
minting another token...
wallet public key: 48sM2TNCP5Yjxn3ZgFSgGhYTC7ZNqaMN4UtwSB4WprRt
USING CUSTOM URL https://psytrbhymqlkfrhudd.dev.genesysgo.net:8899
transaction 5 complete 5Sm5AdymdrTCEUUTkoRvSuc2gYmgt5DUbd2R5T13SuJpofJoYfedkcZrWSxZXXKzTUZr3DVXwCZGB9ffjUW6Zg2b
minting another token...
wallet public key: 48sM2TNCP5Yjxn3ZgFSgGhYTC7ZNqaMN4UtwSB4WprRt
USING CUSTOM URL https://psytrbhymqlkfrhudd.dev.genesysgo.net:8899
transaction 6 complete jmrYCbJwtK5UgcXf4trw3DJZNthMbsUA5swX1NdEdAe63h6JSTfxi8M23Mggc2JVFYYqUGnUme1JRUaEonDYxjE
minting another token...
wallet public key: 48sM2TNCP5Yjxn3ZgFSgGhYTC7ZNqaMN4UtwSB4WprRt
USING CUSTOM URL https://psytrbhymqlkfrhudd.dev.genesysgo.net:8899
transaction 7 complete 2EUGfHsBRd2faoxU75mJNr5oUAQ5gHHeRSRj3zPqSdaSpeTDCgUwAHDiGvGNzMdsz12XMmKnS9XRwRyAGKZW84fQ
minting another token...
wallet public key: 48sM2TNCP5Yjxn3ZgFSgGhYTC7ZNqaMN4UtwSB4WprRt
USING CUSTOM URL https://psytrbhymqlkfrhudd.dev.genesysgo.net:8899
transaction 8 complete 5s5uJ8cMcSjTSH7GfSdYYp6JLrcuKfSB5J7As73p7Zz34RHXb7RgRNbfv9uHxCQxsaVgihccc1vsqRESCD8Fw9pP
minting another token...
wallet public key: 48sM2TNCP5Yjxn3ZgFSgGhYTC7ZNqaMN4UtwSB4WprRt
USING CUSTOM URL https://psytrbhymqlkfrhudd.dev.genesysgo.net:8899
transaction 9 complete 64AQmHZMhBryjyvxnRYmXcD9fa2uAcMg93KyGMeqMgwTQZGPtytzf1XbJ1W5kfjBhuipKdViSNP1QxU74sWB87s6
minting another token...
wallet public key: 48sM2TNCP5Yjxn3ZgFSgGhYTC7ZNqaMN4UtwSB4WprRt
USING CUSTOM URL https://psytrbhymqlkfrhudd.dev.genesysgo.net:8899
transaction 10 complete 545hvfwtwAG6bhQVSTJVJz1rkSkYYx8wGZVit8rJ62PzszfAsHUCNy9ZSxgNGC6nV673XU6hE26zPXtH36TkFod7
minted 10 tokens
mint_multiple_tokens finished
