7g98EcUzLxvbLip4zgsshqWhLV9KMVNt5z4zSJ2UZzj2
C1z2h86tws5Hd3fQDSgqrS1uFGPJ6eegrQUa5pqg4uYp
B9yzq2FpLeoMPNxHZ9LoD94uU5zfcF9m6izE6QKaxRNa
zo2G5Zp5QrrjV3uBSv9mP5sD2pmkNr8Kt89k8tLAVen
CvdasGfQyvhraHw7k5B3kAtak8cS1LKgjQEP7TcDwCaK
9eiC2MnLs91782QwyZsyHH1xaEMYNWfZRvYWJtUipqSD
3cgifdAy3eTFZa4zJAKQgFW3m8SdxXTjb75perNAJ5wN
DHrzEk72jNViy6wgfVGJDrNTJYF2DCnFfJFVMskqaRbn
2p49FxAA21RstBUUtohT75UdRx4CiKu7HFoVvG9QJWww
4QHVGiPzhEPi1Knmu4BFc6JbjJZbYn5FyfmaxxMS1Jom
5UGqBvTft1EJBVzu8ZMWxcx64W5J5sM49vYFXsBSebi4
6ghHN8MxCGGBQzEcnN9GGqg8qZ9GmodXMjUC1FxaMbNR
DtmrtuiSc32AWwenhq9wSdTnCUTeSrK5bKzzjbRoR4AY
82FuxBUUFfW9wtwFZx9FXngCRJXVpB1kfJkWA5qjpBhz
9sjjF2CEr6baHp9d5T8rHpjAwgz44RofU9MhYdVPWKd9
3vEaWHbLypbksPZmDVJ92sKk4XxsAYngG6BCmo8aGvJX
89gpWoRVSZTgSbvE1f4ZM7YV436y6Aw73NyB2m42GsGw
A4vNnkshDfavTnXYki8ScKr8rkaXF59mDJYFUUkWvqVU
AxM2hUhzCmYFfTSUV6RGs6TjMkEfn5VCJwgxnE3N4B7e
Bsskd7Qa1jLtSwvc3H8fks2XRrv5jX9qXh91Aa65xrY7
wGWzA3hMoaUYKSL91FDCQQNrPRSmcdvmt2t7dSyhpxt
BqWPfZ5idKdyWTHF9N9LUpd4hQzjoJkhNkb9oYZJHjB7
J75vYFUXSxX7ns3BZF5wjDNbKwsVmhcqwk1mHuV9LGoJ
6nKDFrYbXvcXcKJJwPnCD8f7z9YjSHFn4cpDmkrhAtPq
2wjc9z7xXzLVCVBmH2okJemDqgLEcP9bsbyeBUSpjB3u
8M2XFCmhTgcUrJHBhJfdHvjUTX4gMTr8i1N28F1HzEgs
56HcDYCJ9nqSM45yreRsNpsAuqwpkoKEbFB3zxqhZFGF
CN3J12otpM7vcitR3Zy2szD6GYpa1BD6az7o4THsCS9W
7p6AhcUZspjFW529EmQcX7vAiRsaH9Mk85JkFA85q8NB
568VQUG4Ca1cXtrq2BedK5xiMXCVbijE4HKsoNCmUSTX
H2PyW6xdFnDzvB3pXg46qJJRretVKw7Uvbh6CqyyNbBB
FaBvyLhu56KYJE9yNJpkoMX8xx6r4hHmKTgUcWME5DBG
HdcboAAJsM6Ud6K5Sknb8VN4bSW2DsZ45aymcYHfQLED
4KrZ5HvGD6kWat8D8CgRSYvHdoD7BfGbMd1hPiA3fVnr
9yZ3iTmD9hxh7otTJnVcZ7UT1TgLkJukKpTMx6JyjAvj
Fg8vN7yyhMxvhnFGY59ZUofE9k1XDUNM7FtqRQEiCg3c
6SDtD4BabFLddxt4wi29h35YXu6Co9u1v6upTr45SZJ9
Deva9TKrLRj8FwDcV9jLjKTn8D1AceU8MJSwjScyMZdA
GcC8Yaq1WCuaEDKvZR7Nsm3oSeq1TwijFLonQf5Zosxu
91NTVAtbcxhVSe7UBtz9CebwPHbQuzE8tDnWbUsWkRvq
Bjc9dKVguv8inN7HPLBGjy7TN6jswZQpxSoYvhmEiaN3
CpQuUrCZHjSW6sksL86X3pEy45Jy3QhWmauej3o884rF
34sSehPc3aXY1kYbL9grHBu4PppK2TVvYkCmKtetnJJt
ApTcWhbcLe5kpcJSqdYV1iKKy7uQErqietqD1Fb89yrx
Cc7SC23m25UGNo9Z5CzK18c5zsURsm7HhERuuQrpSm62
Dm1wWuDdED4Sdw7biX8bfnHVLb5nzuEZdf8VVbXN9eNB
GLSStDfka9NvguSzVhExmVULGaoLpNz64rAPtdxCQaVX
JCHFLX6zEnVE5QJ9YmbAiiPp675EDWePy8tngVo2FbnA
8bBgLZvTfz6ogzVjXpcfSvxa4qQbjXTPoi8wSEp2Z15
BNmPrebrQuhD6U7fJVJB5JeqicsWrPUFwitym7tB3kFg
R2CeCRP71Y2jQnsFdNmEXmmvoykDrSWsebBZByvWSnS
3idwZd6MWKBBodweYX4wKqkvkQJeweKXjiPRzKwzRz9P
71ejwXnvj6CiT4JXGbygxJvULWta6FW7pPZxUxuXPRFC
EgQHViQjtt1Hh5DTFzyMrxvsG3TQHnVccZt4FpMKtrog
7XEyrHJQWhr7Z4AXTkJ6CXNPyGX3Zf8tgyMJk22s3gTc
FFqDC83jYmrt6nQ8yDhnS2XCtrQaNM3ZmWEuCBjxqVH5
mTycBvqNtZfGvK8Zoz19m2bWjx8GYMvHvpW8TT59JbY
5wRPff6v4pti6XkveKZhBXCCsG3cBCTzVZiA4ZMoGDuC
Cy1c8eakEcyiwYUmVB5ZX8AE1HYgEQhZ2vCg5WEZsgqr
9URY9dkiiE3nWtHUhapfAW3TDJoRjsiZ31LXyJjMbHRF
596VePoVT3e5BA672XuPsZBiVTQkTDkKqf3pMChNC53W
GMct65Y2MEbiF4WTtHXDAPnBTgfoe6sRoDUfXeTYSrCG
4XQ4Pz8njdF8EiKMKXmTpb511CyW9dHsL1vg4MYwS1UZ
BwMoM4V5YPhC5vKhriCcSwoQ6xD8EPARYqqw9ydaDRWa
9Y9A6pC8c3D8TrSZELmQ42eyqd9E4ttU3YRFcv95bdLh
D9CtzPpHZG9HPRxgWd4pcTUWBmoVK19ASmJVbQLdJBnp
3zxcCQDbGqjaiibnQFsdgq6ziYQfupUQ5KpvznzEXMba
AaGZ7xQPC8vLnKDg3vLFD8Tf4k4yHqUM2YLg7sSxt26q
AKMyz1XVBwNB9pdZ9ZAXeFj26xuTgyTByMZUMywdoXtt
BAZypenx9Kc65aKmKuATjZPSXTu8T1sgeu5qbbD2zbhx
Ed5mGvziFHHPDRmXnmFMGJP2f9Rw2g6ztBWK1NuJDjDX
4JJmneKNQzuFdR639xeiTARSGiQkTEfpKzmnjdfTkpa4
EgWVpJGDobtFbQHJXapVFns9eNohCudF7UPL74h64oEp
5JDYwbbNNzDGe1zANpXGMLMTRsUD9dZpv8URoL3jXt7Y
C22oXs1Z2GFMC3TmgXB4b9b2QbdaCgV5As2r2nsiU615
8Cpf4Y8w1q2jkPMuNJsKbhyvPCRJDSi1mkkyJtktAmqE
G126oK8vsA33gfEddT9jM1hCfSksof8cTcVc2aT2MLVu
BrQEf4ErXbbfrVbphnBmaRfhSLQBy2DXtQMdu8WMBnDm
GMMSXjpLmw5AtxCcjC8fqMUMvXZvbaMGFY9absXLjGKc
7GUc2iqt6nwriVGL3bEejtPt2MMFjK2aWFTY9EET8mot
7PwgWNdX2sxTKVT47xYSDRNFjh8xBXqdJhJBCNUNytCd
9VKYPVegH8kHNHcsdiJq7M7X8J42hrPAF8dzJbdaPhR7
BcrKWRza1wPJMFjCUV2B3K86EaGR7HuM476BeB4muGxf
4SiJs8L7myKQCkiH3CFPWsvv7q1ybNkHTJBCAFPcMejJ
86pfW3mdXjh7MjfmweKtVr8e4w85mTqkpKSeoHNn4J1L
2Vrf4eRJJ4m5YWpYY6d1rvUD3chzAm9RNfHaa9u52Fkc
5yitTTFmKvAnpqXmrZvgou64QgWQYK1oTbFVpyB5sPwp
68YMMbSfSJVE25tzfLBfiuvVu81kaY4BZSwL6Jd3eojy
54tMWjx1WK4yEyVUbMRmXdkZkhNPKppXEZ6WykY1bGqY
BsQVkBHQJjFMmKtUePhfAyo7ncSpaHJVXk9qcpFNLNLr
581BqBN5XAkpRMhjXDH8RjBWAfmTDMavV7kYsnCujT5z
HVfxZHzWYym3BSySwYXXgon1Q1SPSmJiZibFRfhrxEB7
5T5tG8H3p8owDKLas6ZGaTLJEm2RACLC2X8rYJWDXZ3D
6zJbMcENtK9HA2cYzHZnvvM5WwgnrvYwdzktK6k6MLAu
9ZWCN9xUC7MaSkU1oXoJfgzehknQVbNDVtRgTGgpNPkJ
HD64V2sniA5J1efJ24yixHgTNUA2Qi9j85fdRzWctPPE
AkBa6gRZJQ7NHDzDRF9tnGUJkwbX6FoFqn8CiBCXSKxF
E6Vzhm8yYc5DWxrqkXH7stkqH3cDcT8JC8U13BrmGVFn
ACJo1TgUqjJ8jp8YjxXdUBMa8u1d5gDZgYUX9v45JFXp
djCYTo79b7DPvvrcJGeFQ44XVXKpmZFPRMCVjUyMLJJ
AgbtZuijP5yMMYWGzhUFw1sie7XHpiFSxb8WuPouv3Rg
91brwDpdB2XrQCUQJ6RXyDSLaFt5DhVZQLjjCUJuVX4s
HCjXfnaEHoDK3VD1oJYn8LnjoUGCXZ27rvE9NTadv4Pm
Bc6e3drHyi8BJ6w4tvyYWkpRTGVUBNdNEA86brAsvMfB
6SirhZ2jqBnQs4McRrU6SCndnyduiD5xae3YQ1MQEFyD
5VxdXu9CWGuGNLkAFFaAHxmsgwYKZgt6c5n1DQsC23QR
27zre4K8cyRPo7PV5VM3oipza46EkUQKUek3iXVdohVU
D9VpDFXNWmWm14ArAdv9cecQggKJNAo37mAvNFJnMtPf
CUPW7mJ5Ri2SXsDYNUQPJiobwLEjtydyfSt6RYcvCsWG
3Fm17PUEX3FzqP2SD11qqcrwWjyK5uvSumB4AdE8Dt2x
AaeFirrhyvUpTwxN1Aj8V5whCAXPygM8mzvMU3wSQiVn
FMySrt9mtknvo6M3D8jYeoUseDkvPHUztutUuDnpYHe5
4ofbvPgu8uukjXfnhCSdQ682gkWCcX2YCqNMvBexac1w
FcTHzHnxxpAqVUEa5RFnpXpnzB6z92pukQtk1w366dXR
6Y1NmqPsSAmwtF6u6sQ9uePZkcSij6ibr9GMNN6xSYUs
2fK7Ks67woCYkwHBxezjRj8CyEpbe9r98NFRXUgGtFxd
Gjd4WerKrByvm9XTZkZixTbRHfd3EhskdKkd4cPk723x
2jMJFXwdnPADSKrzEysA3zRwh6rnG3MmykzWojBkDdAP
74xBxUqLrsVaVQHB8UT293Duw6JrYNRbW22q1cS649tj
4hNojerVRAPKmrrVvzPX2hSMoYTCmjTqGweDjndiasHq
EVZ2et6oYJ7AtXCAdZMFs8kUF1fCsE7EN6MckA31LE9q
DpLcoUB925GGSHPBY4ct1PTY6mfMyX7djWgLJLWPy7Ss
A7gHPztXGpT5rvuTy1Kw3YcREBE1oYZnjgBfkVbxuvKe
81kGbvox5wL5AySfYQTfpdvdFfRu7JuJMufS341Eoq9e
2mfyXHARe3gvGUXkz2NeNJZsQ8JXHM8RgzqqsCCBGanZ
Dvk9trPNvcpVCaM8ForaHcmGvrXGscqYGTq6M5YDukwC
7GHfALijdTcCCq7wHULp5fFuqQWEPM8j7VjfUPNLNYWv
6CQgk7iXm3FTjx3SRkCUFovBknVX3BTNo5pVx4f76jge
2HQRJoqBUWE3KTukSnTJBtepJPMNxNTDuhe9xdsieypJ
CDXWbuAYEkfjnZfxrKScZgPfKaGuENoynBK39k7e1h9d
DVNavVw8mUVwhovKXpMszE1y2nQ4pzDEUZh37iTV18ne
DRa6HdQaNg2VxBDqfDrV1ztqpueSZQfTFJJdUgpfni7u
5bNbihmLeCZdPA5kd9Bc2jAm2bLWcTsQu3QiGb8ThMvC
42gcCrmaBSPSyf5uJ7kv5YtjzZEbWsVUELREhxFWYYUR
AS8DHFHGjpoe9qLHjB6HWXeXwsG6wY9g3JAjde2UdATP
3EpHdnHYWHBuAfyP15Pq9Q2Z9EkQpZpT9dNa1dJ4Uugg
FP3vcv45zL1hXpSjjYTvArrGbX3EYpCLDD7uVxe5YuyY
6zfbB2icyRdwsVM3Wc9TKk6cuYSpW5gWqu2PLfbB819c
3WGvdqzCBQWf6sKnfXFnviVg7ZFwAgLfppr9LxneCQXe
143EaFLkEPDDvSmrGgFkFBPPLi3mDh5zZ3cWNHuZqYiC
9hQwJg8gKVXG6Fy6T4D5RSCqLxftNQ29mb5qorDbfoa4
EJC1Fko2CfADgXaouT8Zn6ADxSCPbqCEoY1GphKDhngf
6r38tAUrkLXSqCUE8ceWPMMsGbKgyHsTkGHozUVaSmrY
62oiyghSpB4CYrijTK9rvcFnUL1YQCNJ5eeHDwgMGFqB
Bm6EN4Xb9peuR8agzTqZYH6e2kegrQwruMweFHpWYmZd
GVmR57hRH5DuFjaHxkK8CQQzH12ehrunLHgGJzLMwxU3
FjaHxNntrCwx4ChHDSVC6675SoWxaENFy7tDtwSHRtZo
5jQYFiNBig9jta24AQaU2FKnXWBCrUWSkXJzdqh9cvuU
FZgHkans2XGmetUVjUs8Z2XFTo6sZ5mvdL4mLG7hpduh
BzrxcH1GNLYbZKoL7kQzgi148eTDbMDDA2uu2qKzd4Tp
3yq4DzkkLZF3doBGddVfQ9hqzt4KGrdhEYvoXrXfWHxt
A3ZjVy7nAkF93Ymj8B62Dsf6tzJ5tMoYxxw8W9F47PM1
6aryAu1iB9p2FGSeDeWyLEG2YyF5WkALoia4YWDsddRi
CRU6SdxXaWSy3bjZ4HVfW9eMimKCjgggL5G6nphryWw7
93XWBcFkqSREfcb52cSwNV2vg8LxTUxQ74PzQMDagDPV
CCqdkM4x3aoa2T4HYtJwrDqpY7GtgcYbfhQLaaoxD8W3
Gh6gatHmeAiRgUDDrUwoNHQwjcktSybru62FpepNwkvN
14ZcenDF4x2Re9m9JPR9cfseUNgfAhsVHuVptwXtdDJe
8evRJR9F6T8ggsTjfQnVDj68v8ZWJac8duANBpm2sBvz
FdvGXfypg43iGqAycN3r3AHZEvcVc94qBuMyyoiMwK6z
HbDZ1epSoZjJTmoaKSK16F4Zy91aenrYQKx6ZkQ187gd
AH7a2CezKzRDbvjYF8gzCh3gsssa6VHUTCM2NvEnmcSi
2LPXtffVAi1KPSLyKenahgFuJGxoDNnnmv59ZpHrLxnN
6tCDGabbDTfAjz2DTUwV5B1jmfcgKNBQCuh6ymiaLkRg
13LVCTgU2iFch8Baht4BK5k92iS7dmMyWCCun4QacU7a
7npyzuFDXZw9gucxsrdNQTt51JDiA9cHRCLk5ar1MjoQ
CRJi2hxHqbQJMofwREJ83pKjRJYrstsFvKjEGLdxY1Qi
5yvCizwmeHbvgvUxXEoZLf5MhNTcXtZNY8PrBCj7EKcT
DHyDsnDMSRKtLWU5kptbaTE6PjNXHohRPXZUq2D6pphc
2Z97ZoCsy1sUQXRHGFtuf7fAsMKF43zqJqVCA22Pt2Jr
DqQaaLMHNzuUQegZBctQk7oCPkdBy3w42NdrxQgAnDTo
9z2LMfygPUWN4ErjkVzHZNiHcdB5js7X6vLbu7DRotbT
7VLESJLsSt95tNpFXCn7hgsN3HPnz1pm6J2bTiWvDEgU
BG5Yp32p5d74p8MTv8JXt1y979aYTNS7wqaY7EKJwczH
BDXUJwtZwNeP5UUUnqnc3JkVpNAtdmt9pDdm3CFSMWE5
GC9phtWnStTQd8kefugkAg5BRti3SjZ4pfyEKG6BKauQ
DhDdKjS6nUHqbvaY2GRsJnXbFPcLwDdW9cQ6jXeN4jdD
7XQNYCoRuV2JC7wJgYNGEFfTyrx13iDXwKmDkmWweSFX
B3ykgE51Mym5xHeV5pG4kyYXzSDfGDHJMcb8zE97Y4DX
7ULE65Gf2CQBcRShPTcGyNiXTXd9VWh5EuWSPRt56n5V
4NAXQyQNPDztcEr6hZrKmBDid7pFuTP2bX6u3QBmsnPp
6LmRBjMSZAJNnaf66KfV71rkgiCXSk517YUWPbmZyZ5
khhekyd2qrkAMyNkXqxnqv1y37ZAABYL5tq9q9tSFPW
8wW1arvLTXFcDpcoKN4rS5gWPg5ahXBH7jgRVKchvnpR
9ppZwMfE5AwzftTd5vHGe9amGTmH2UQsnFqNLNPjKrZg
FCx1XnewPT6cov5G4dTCPK8fHhaJAUBGSvaR4eYmnYJe
BJ3XyYUR9qME3MWpZ8K7P6v2RtYEgrdQQMbEsBwHwPa8
2TCtWiTe6kejHpXq58MMgPFx1X2iYqzjtgNfeJUqYvHX
8uF7pG9UMcLoNXUtgFny9VaAWctYzSX2ojQNMfxAUBgv
7dxVjS5BPVyvL5S6qLwEhMdh6jVoTB8CMpZKVKPaCf4
39B2exym8sBSyqRge7KwpkgpDCBSbQEh51PHAzzEBRpv
5ijUJcHef5Wi8iGZQikCLsapaRtYUzuyvtrzxFLGWzZM
6BAi2vuvQ7nYDYtWrWmmNG25qnmUMY6AASK7s6MJJaG9
Cp34n21YsYdDJZs3h1asRLUmWWoYDsA9YCehtXDvvEga
HT7F8JK9bpJ6HxGhGsvhKUDrSaQ1gFSXWSzAggMcgBp2
DU8Wn7CyB9YnMpxXeh8sRMKnsRJZJACGNM9KQXaPpvks
AxgFqaJmDkHpRfuWtRzBXsHgcH8HtdWwkmM5cj4wsE74
41u5RAuFQuz6ZiJfgh4np4rUbWAeaAqhHUoug6KRwah6
ERtypoNQEn6UTk5xtC4xHXbft7XJfEAi6jQikcyYMRrm
2Lvtu9aTLbZBgJ8AtEjeNG5t4zABbCaFdm3BbuftkpVk
28svFcLRH9jmYYrLf6zwTvmzpcV8wYc3g2TK3Pc2Yr7U
5pTJ42L6Zz78mtTgAqiLpHRFbN4zoASmu5Kdf6wwfZfH
H1rbK3bgzCSzKoRZ1RCFFJ7ueUhGC1yax8xfcNxTyyKm
DWZdNvRuyaokvrb8na5BMvpaS3EHXVQ6QTQQLrNcwGkJ
FrAsFUvh4z91CopZ2UyJxQ88kSCk4eVW3yR8ExrDUkF6
9Ve6tNUKe13LJZ4TQ4j8ELbhVh2fDPTT1PDNYYGbF3w1
2MsvK5vZzGAKFRBZTFLBwRtJA4PQuKHcjJFps6BhQoUi
kjxFiJ4spR7fSr8pWa8zxjXcHsBKac7Ch8XNMki6gk6
2YDLtZGDWUgE8BxtSkfbt3FbSRh4g6sUoNi8dwanDf4y
DGErKbVnq6RNXUrWDGeEdRKZaBoD3sn877YwARYVbDik
8Nu6zH6hYFYvgSeybRFyWQ9Y1iNQMJPy3x2JTDeWGRud
54o8KMt7DMCYzrYx1JoojrAyabKoHwFcuGo2QiWVTXVe
8QkEPhfGHeyoaJwNu6khs5pWDF66pLMCcskVr6RxTgxp
AxEo2q52hx4JW9Ac1KiaZoLhmLSzNEizNcGUi3i423Co
CZJoGVqkLBmUZ2h2cTNdJioXeaBeTBMHRyeUJsJCTuyC
9pMbBFNzVJCkiEdTREYnY9VaXfoA6LigSncn6GoVquEU
HVvphZqt8JzL52mWLj9e6fne1eTnKEcWH6ZJaxm12JVZ
AAMWQSp8XwDDhxwSaZNHpsrorvVyg7CWga9M3hto6fQH
FUWFEhJsFssBwkJAniB9Z6getGhUJyNAvgdUXsFYUGZN
Bp1GqNaWm6yV4hYRdMD3oYCUaHxCwwiXF2foC1H1WhkQ
ERoosDENQFxjpFpZjFeziBVpevTVg4q7GmJwEpWXNprX
6zzBfCybD9KZ6V3r8zYi5F4cPHZpVcFCy14c7Gpd1m61
2bgBcoVPTL7QjC5nEaxoFE7AcXo1DgH8Db97hMKg9nH1
7hfJUSYs4RRmtoy5qfksLRLAJwV8ZurtWReo5KR7GBgL
4KHf731Ag1pmXNHP1UtCQNMSJeyCwAVaBEaaNhaS9MLx
3QacFT6z1uH2qUdcKXzbCGqpyMKmSUF7aULnK9QdcfMX
Hmku6PekEeizjFcawCrBvGwGbsMuBwuMFKZ6kG47iHES
3sF1QaRtWgmA4WHyAYmo3g7tV4XFMkP2EBoskdBLPsuQ
AVmgpLKTMZNer9aWssVKmWVxgDc1kRJvBCNPfcThUFtL
FzXM5Ukq34T3F5QHPDxQq6V1Ks7uLimTYUz61V3RPpof
4xio1pPy1oEJzry5SPg1SfAauzG8Rh4HC9C2fxhFbVzF
FyMRUY1oHdg9GKD8Q1bpzqWcBRyYFDwJiD8xpCPeVoSy
H8du6ehTddtpsjQpo8UVBDMNhEqvDS81PSgJhUNL7JHG
4Fz9wSL7k5re76PKseZNHxupkVuSA4RjopGMUn3sAUJA
7gxdJkYa52GgLAKKrmWGgXN2dGpa5i1VMLJXgZGmnXPh
EzF4gSJhrWXp4iiHgeoBVtd1Fbz6dzDrZEGv7v1GkZec
j77yZnHjoUudxcpgteMvPQk84GiqQUPTc8Ekear8ct9
AzE8DSfZSg6PzWGM1HVvEEE6U8NY5ZdeYatCScTA1MvC
6LQyUaHBh9rFTjtAA2zvY3HuSxJbc6EqwM6Z6rqtys8V
DmWTdt298c4q8cnB9sRLx7wb9xmvrc1YeeTokhrXuJc9
74Rady3rQFmHLxcFCerAG5HcHjL8cbB5bap1BE6QAtZa
3PkBfh6JHz2okEZECuMMCoC21KenPGUy8iK6M4m9w3Cg
4WTEJyyze2nMHYYexoXFMm2xkRhhq9wJfYBhqrmX9Qw2
7UDR41wAn3cmYZqD3SwwjRbwzN8qNNqiQRXCWgkpksDe
13Rg3EVRFWgER8QVdtvfn7sMvSkTN1s3t314WqQHF6i9
9C2iSrWe8yPg13jYWV6jyx5ydrkyK544ejfpXciVnfKU
3JrHudvMAMMS4JYeBkjC7WBzBA4rj5ky5qx1hmqXSzq1
BZBt9Fff1cwoSpSodru3M8QFvBDUE6UJEg2Nu6HKNoK9
4zvBgBg9cEomBS69E1Q93Gz8ydAoUiVS16ssXpnTTNAd
dsowemaB8yrvQUY8VjvSMkoaDhusdq5oKkYM5dwSkbw
5bWR2TspHQGLuKeNmXAW9fL7YsafnjgxhHpNrkZU6Jcb
HTAdRV31NTqZh6eHyic8MoqzekEzRiUSMpjHpDKv8EK5
4U6uEnFkPaxtya8kZJixUPpuzazuzDj2M6xhLKn2eGeT
2CHBmNabCU3GioqtQZcWHus14CLMD147LbTK7b2tUDJa
6QtTzANFq51mu57vyVQZmz6TL1qcQdZGdQcvHrX94b1c
EbDw1eHqdy9fY1mX6Q7f7vLyPn4NFuMNq8UXTFEQW5mL
7ZvgEfbBJ3xy3q2ZHM5p5FwWCxPETg463bHBQ6hvmyya
DNhbn9qoHZRngCGzeQkubzLFaQgqUBwuqhCKCXCS1cGi
2iNnMwDSsbHqB3YFR7i3HJ6xarSLXLv7Jc1d3d2AsGTj
BmbTKzAb3XkhzHU6jXZjKbHarYaohbUtTs38ShSaZYRs
F89ZVHvY5g2g6WqxC3qkZTcGWsoWVFtK2jC1HfzsfCD6
FCNBLkmanoBZQPAwafX2sg2js6Y8q74FU3wCNAjjifBR
C3Hza9JtkDfZLbCCMdyptvBugnHpjfWcKZZVQ9673n7s
BkP9B47HVapa7hCyWUFEEgU2WZpo3aKNRLiJaJecLpMY
BxVAUGcuuWcWyBrCDhwcZZmhTRotGG2ZsxNPMnRsBvqT
2DpZeFCPhMGZT7vxAydSgTy18DpgCRHm1PgsYS7fG1iS
57RU1VfSFQEJNaCVq3JivRk4ihZRyRJP3so4NFT25gWG
AhCuXu6iVQuuaEdArpriQ81dyeanh8iGSW8oodfhEVNG
Gk231PwDWukCtHRfM8tZL1c9VxWQANTfh5wEq51BvuVH
9WTnb5Rgq1qgy2MT8K9udV3mFVktnENewvFGcb4d3xQE
AcpT2FMeeM9LvkL4DFYjToMbi33zQW1CXBnEbgFBTCyt
Ewe74withgDgxnZA96dRhwBrXSi3EsKuRAX9JD18rkPc
Bau8X2vgGuWX4E2r7PBzPZcdqwDq5pXHnZK57dNANDJ7
Dx7m7wsrt7a3Bana5D5HifKmahAKBahFBgJjQkDRsv7t
AN4qm2HZ2ZnaZVtBNAmSjGEfEF975wQGARJD2S1cBRr9
34YgQGAeiqEphbTtap2BNBNEqff3CLsMJHZfkvAosXfN
5AdhUJXm5BoiknmqTURh2NNwdQfhtYH3rPa5kYBCFB3Z
D5X5XXJzQyRmDpcP59HyK6Lv4U86MgG1zMa1wP77FRWm
Ht63THdCT7r5jjLyMdPbHkotcSPyuGEf8FAyZyER9RW6
NofgmHdthEM3ThTXFs9H3xHYc2RPSoWsEL6BXVa5Tfx
6DnF62ott8W9ZsEyGXxGESVG3n8FcGb3cQmsnktKDDkX
HCP9RBe3vjLWLjixCFPwCacPj5UuQ3PMCxxuRTPSbnpu
4vtUs64L78yE7f4LGCtBVpNrA26ApsQx5FTkRm75n5Q
B9YRNfsDJ65BZogVeoXnsjW11jFe23j1Yw7NLFQNsQYo
EGk88TW95HUfhzE1F29ZxYux7324GD5MBYA53jNTenY6
6cn656yqw6XCKxRQpXGquDh9mnZ3HWKdBr9EtCTR6U2t
HGF71bsVBrw6pm17JapcM8WYr5wqTP4UY5P8aYW7kJd5
CypmtARQE4876EcYvmFTKarXouKHkdmqcDTPktpnBKND
7unB5wnr2GZCfN6thf3M2B6qMY2iDo1VdGw67BFP24fv
ACvc7zGDfkLnpuZP3NrPALFWV6TvELNZWWpuaXxjRLpb
6MHWwwJfKzi9FgqPFc87cPqcEAv4JHv7K9sS4EQv5CLB
HH4srRDAwLuBphpkKASpo68sStgHtJqm69hAnxHpxJh4
3oywa8FNYhjnHZLdG7JncdgZXf4sebYHr4MizguxNVH5
AohDjcjrC2rkVmRoXNipVFW9GyG7FqKt9c82PcKDSME1
C4WuenCH5yaxmdsMZmrBap32s99sAuFCvhQM28ftQ87a
DbzatPSLqh4frTeoKjEaaBXnh24nKRncBmsqwpqvqWf8
2e42G4bAGBHRb1iJDf7gyN5dKfiTTtoNqrHktaow2g4z
623Cy8Fb6Pbk1bwdsj6yeTQ9vr4AtNBpQ9d7VDyWixqa
JC93w9PpPYyBe6FoqsRzxHjNTZzubZmnafDkcHWY4eGy
79ffEtyE2wr4vCts5hsokhq4kVr1dGtdpQSmtHjAYyts
BPPH9XR73WZGskzUMuSczYFZZQofyK52eNArpLzKbT1T
7kT6C8TqdURvxrGNAykuRApZiqqxDiCJgP1yjSJRw71S
FGR6fBA7ACR24NiZkD6gTnFE8Z8VHNbEEZg21wxNk3Vp
E5JEdw8kibaH5BYEsr6VBC6rCxm3MUnidR6wpbtDo29d
36igvpJsxNcgkd2G5Zaqf12Q5MGa4nJjv7fTss4tBV6a
76vj6sbabMVeTWFFzvmH89amRoSB2nyULvAGXm6kUE2F
7BRdn5HgqF5aksywBigLyXJPKRPgg5vX1pLz5MXnZW6S
Gezq9Evc3QpBywnggDjDdgAN5P1hVviA5MGkMutPkqqS
4eSkFtC22aMSP5fBhppwGc9dBEqPdirQxG9hdkkij9rD
G4XFAh7xMoz7skCL6DWNTp4RXxvbkRSGFMq2WThNR6DW
6tC6r38Mv4LpVNJAY1ZCLHmfgfpFT4tMogVaz6M5xwoH
3RYAk8NZmPvGd6z8inju9qxkpWh8fnf71hgXMuHn6V17
8naQtPW2LK5D2PVXLg3LiH3y5uqRLPzJpHwdeQJaSsWx
CTsbSEcW3vNbFsqgTvqV7rmMcRZKaPNBHoh9Tk5R53sx
Bt2F6Qg2FXLnm4EmhLzYg3t4CqLronNZXmvQZL65GStd
Ch7TMDZ5yWLEe2CXce6KZqAkLbFnGo3A74T5RwmM5cvq
EssdwKVDwuPTr2pybeCarZmrsHMSWWfXQene6hFuhCb5
GXr6qc6VyMHJkcX1DVVYN3RgKkWKtYxdfoPaYzSwPgXg
3Jn9q9Ko2T9varPMWrXgxxaeabrXuN9mP2W1bfze8fX4
468LJ2zHNsd65t9sje2BYxy7x5YyhB6Fm5EDjfGaDmNi
ANZaQb5qnzAHQ1tR5gyeTGAaNAMrXAGicK8B6xtTKyNi
pDujtiBczA6FYW1Xdw8SadDehBLsP2y4g5rhyCKSZf1
9vNVjPoSqSfzGniVx7vgD3gxKWTpxmS58YEs8iYvQZet
D194ieX1uXYTFNWGnxD7jgzGZUzbuGM2FVRwyUYtGqLd
7QL9in44a3d1D9ux3PN8ZSBCDKt9wX6FXT8hMRAWEr6w
8fg1uazBSmYnHUjKDoUuqRHTSKcxccfcN6embQoZ1Wvw
BSjxhTZ84a5CHdJH1D1QbLWUG4fsvZrSWKKyqstxd4t8
72X8TkzJSwSwoPCLssy2PvBQZ82xqGFspTMqjVNTVG3W
6agujKo6K3Uq42rVHqBLEW3pUQ1LkRtdtgHtayAAmLw4
71HkWWksfTHGdoRavVpVUVDGwW2918TUKZtgL3tRvweL
7Euwt13H1TqCkMVYRqqTh9LpKS22zoYjDrbcfUVFYwz5
Hv9eL8yYAp5acqBeHUgjzHevq2Nisj1qgEMEUpUVZnaP
E8zhp2AjtwNX5qStuPqpMBfgtxgtCYszktXuEvU9xd48
C6Yy9HfkCmmdfX5auhnJaQEVST43xPf8Par2fU9cJacv
5V7dSLMdLfaeat7RBTcPaGqfZakWKZEZQ42NJXV6R365
FmFYEvcZp9ZPtrvYBMRe6MzivchHTEv2cyfk9LUTmVzp
ESAEiVB4wuhzVnHTuRvNVxLZS9LcMcRGUUCkxqc4wFEu
28NkSvnqhFuHfgDXHdrBCohFbyqwL6FpfzjYWTXcq6jC
DxSg3QGvpFZ8N1ccRbP7rvK4NUgFmcZ6aTC4npyDkzEG
36gmrwDRYsWHUb3G7BhiBSudibHDvEdTutot8yCipSLs
C9kG5BR7R5g6d9LLaMFremfY3sBrwRSoNnqq22Ctsssa
oRkKuAut5gdg7J1Yb3mDsFQHNK2b77PczRGufGmyDoz
HtCrznHDpjV9v5N1RGMnCTzQFZTrwFzD5EaewJvkWYU3
DQrvFuZrvtYbHD2gEdHu1NCJJksRNUBgm4RTeikeuaJq
FuDa6NCz6pKPYXteR13VEgnS4NdTTY2JPKwCAVgebgHZ
Cn1kd9MdVBPHGs8kKeR2FQ4XWQWKXFqtZUc7w7yo3V2v
7ZZBcULgwFGrTHHqj3teqDNUB93DRq4sn1AXrUGZJXVD
FboEptMnrHewVp2E7DLJ7w5uod65K5K6XYFAG87Kn4mT
2nGNeZZGcVMFNzhumCKdbN6Mo4eAhZt6mo4aR7nmyoBH
97zxoPfiQ58NobnBjSiJ6YvptpRWuWLkQ9fRGShDoXyk
6TsmiRtyyby96Cz5SbFYDT2dve9VPks3w5WdFScj345m
TUpFzFtYuDa7ynuchWfcHYZ31FFWks6Z1ne6R4t4Sif
BkWDQ4byopBXgL69ecacFpJgYk1szg1YgagaTbURpVGU
4ndUsUAGXD16SUch6aMzJau6CYxRGfcHLh2k9RW8Vvex
DbUMmHKyrE8BxhJ2rzxQ7diH41Lt3DT9xRWptaFQNtyv
HGiHsEc9r9SHi7RdSj4s3QRcuvGDYBnCxBX8dJ8ZmhP9
2jSQUq9WrhAnKQbrVnxjCc24oejwaKvN4DzxX3Bk8f5f
4GkE8Thg8N2XgTz5Njd8mCxqovL8mSRzFBWaUhA2tcsQ
DfzwvjehDEnbJJj5CrG79CpsVFLSMccGknVMoBNbdBwS
26LeaE1oox6eJB1K8g1k7XsNsCqdv2tz3xRyMduAHJaf
HEpMdgH33ZVPCqQE9rBPQQ3v7bPH3bTuzkCLd98yuva7
AyZL1wtn5kRTu7kpmLbX7y1NteGwHGYyzdGCtjPLcGkD
9MyTW6J67duJCVZRDzNuQrC437dkt7Q3kD8NawQ4KVG9
4qY4Wj5czZegKXNqsXJY5eodBA5YVGbLpweMjyLC7pNn
FX9TSzHdxD2dViSJEwhUykMEi4aVzVyjdVh3t8BXNjn5
LenPTL5yC84EnkVbsca71YX7mjvFseMyRjoKDmMgSt9
8ZPyeX4ziJTq2C8EzRD929uue6hwghsg1x6iBPvWJvni
5MspXTWNpFb9bZam9G8x8Q7BMAXgbwJuscXUpdUSXeTu
C8cXV9uepwCUrvBdKngXwDzwaVBLnVmWBHQuqenaN9tN
Fk51DiDuRR1Y8TnLwjoGi6XYcEiCH71CS7Ta7ZvqSJAS
AxqspRE88wy55tnHecTeNh6qFG2M83udwpS9NdddBPtE
81uiomiZRX6iLZcdq8p3pNVuaPiJNRamcpu6xwDnDPmQ
6GRxw35qhuEjUPYnBMcGceJ2ZNf8252G5DDPUncUSFPe
FxGEaeiEaSaYxLyzmnhmENmuxUwZHqFGvGxLgd3SeExm
53Bf5xJGQ8sLAqX7pkZ5zQLAhyrdavubCGqVSQgeYwdk
A2JrkqiXvWTm9Gtu1umEYbUvuS3wAVAfp8NfoFa5qvoC
FiHHR1V8Wbfzdj6EcGMLDbubxb2edGTMRnNBssqqF5kB
5r2NnQsT3nd8q1byUo9iGNP6XKrkxWVMhavsPyfQqrqk
3ByJxfQVH3fcb67itYiicRs5WcZP68JVwnR6bNXoeSXE
FWxDjeJdHTwzGPhmBVvziqHqveGtxczRy2mp3PQ9RjL2
FKcmSsLwqtYfySSqHyy42mWmichDixmp93wH1yqu9GS4
GwSSdFbVMSSwkSpY9iF9peg2A2fWFim2NmvwDTA5tnbQ
hzEDyHSKRHSPXMy7oJzmcRJjE97fe8K5yCgvSu2ufKN
Foduuw21pBsiwju14Mzy1KQ5RcQq651aVF9EXHBGgNud
Ad5qw2MQnjRdZn28bmUjzhmPbx5iyxP71xLZVfS3qiqA
Ey9MqxRYjJY8kcPrEQjK8zNS9NxrHoGd9zBxGa3hHkTv
HJSH5Huce4KMa98VRF69DXF7DoaEzAxaxvPJp7pRQuQb
8VpHfjedg1eBNgUeoBwWgAqs7HFgjNHUh686ud6WvpXT
GU9DYE9cvJR9MoYpb51Eizav9dq6SSqFBxU1MAy8gKn1
465QjNsCjQxMhkSzieZP36MWuuWuYAYR1xLCYMJPcsLs
FqSj1LNWxpr8oyamPcsuqXFv2EPWKnGjaCdFLTcZJpjN
9CXDjXMGSATFAiLDpHNfweGtoFQkjPvu3BwowZg1pb7U
7vb1LLh12SMHcbLEZcmxxFucdVWsSYNwom5e8NptVfEM
CBvvgZYbTEq7HzQiDq75dDKybAyyVgL76wjDk4fMF929
ASVNA9RznXjLn8jb5J3bEbtAez471eUVLhQjgvvhv51P
67LrUctvzpAAeyLzDnLMSFkKU7rrQrdPgj3mgg4fevAF
AmPH51y7QGqpSGEZ5zqRcaVu88a79AUfbGFvoWLgoxHQ
DzvJvf6uA8qKNGnEmD1j7Daaa38SdSsVRK4wJUfbyW8M
8dB4JsqBg2RNSUCMxYHstR8FvVWYbpYkBYv7AA6UUxsv
ERhaQejoBDP1bYDVKZFDFZDQ5fCS1aqNFrFtymi36UD
DoWDJ7HEfxHoxaeUeGn7H9QXBmPiRqsDEGvcu1uy2FQG
2Y9Nttgz3roNuayru8t7Z5BQcMeY5p9imChKx39nHheX
4w2tQCB7Pymh57ni3kbfgz9kdLhqHbohvGf9Nd84M8di
3kxmE2FabHyuN2MkoRmetMYBWo7FiZ5YM7E9ZVTnXFSP
3zRhYSo3tp5B5tLhMA6k8BrNd3Rqqbk8H6Y8t8JAx3Cb
Cw4wC3tqwhoE1H2SNwzSKzcKGfeGk59zLTHT2y1BsYtF
7Udm2xugueJXqxjxNmxdxXAQ1CUpXprhJLjakNM2zhaj
D2U7cfFm7ctykskeQAFv6zhBvnpvXdjvmBp1eBmR5qLV
9e4SPNbWSuxWLGiMeCNmNk5LzNdfn7nRWVoXpJjF31Kq
HuuXe8LrQHCdxeYAfXhTZGrziBfWXddZTKjsBLJg39G1
36HsujLLJ9aEatihB1BWdeDnRTw76CbW6UUCkNdiuz88
FePjWUePvz4Xo3bwkfozBb5Kysg94r1HGWSDBE8sUwcV
GTJ8cfxcHAHUyMhanNS3YGbHVGmzJcjirYRp62r3HywL
4SaKtMGMd9BbaX5ySdAaXLRAu5cxoVMxeY7s8hQo9rii
2H62EKyH9x4uHs6uy68KNAhP8B1v6yoeyqtFPkFNCMqa
62x9iQkRtUfSatJaxgRf6GcQ7AQy2gnHxVqbsLJkGfFz
EUePJXFiCEnam4fHcKhHGQbPpduRvvG8dCPtiTNK9bgK
CDYty3NbVFCf2syBuZJa644B9JJXMSH7u1wKsYbsbVbu
H2LXy13sTLrp7hMqRnfgMQAjo1kAUTk72JANZRzw2TjE
HB9ESfJpNfbiPaa9fM4VThrbzckLXyP7kQW3v2VguySz
GhgxefEKk6gtEK2RJYZM6QpNTMd8Q7jyBnTxwHMvvkzB
DK63jr51wBgxztHmnQfDzkPnDfg1Jos2qLeFeahfiKKx
DEDLSY9bZj2MFxgRmhdwZUX9bwYUKTUUe9VoPzSiNitV
5aVa9NJCbF7FYFmcx1cs4CFXishnPdNE8EaufzR6SVSp
BvGmaUbKFuxPGrZ8KjdS6CMpxMWGyFA8d8Kk7S1UYoLv
Ev26pBJkxSMkuU6RXGMDEbeyUEkrivX3XvwGunf4PjMv
3Ts6GePrcEFucvT1cZVwjPYBm3ZBY3nW5ZktC6UYN3oU
G6ky4quQWZ1LBRqeDnNpgM8EsSYs1hfokJp5Pixo4Pp2
A4Y43fBq6iZzgWWh9nEov4CsVvunXiDZCno5kr6rLxfa
45HuPaLnxi1CEfYjtVRQmcvLEmWZuUi22rhQxqA6afQh
Ce4gWyz4nwoXfsr6RovyzPC9E23iWCUgeP6tA9VDPv2i
5uXiBGG3sPYvYaAunAvLNHAEZ4JeEvQrP393xZQeLnB8
9S2ZG2EH6ix4XejjeaCgFGQkffctj2Jwis216sBEkYXK
4JKSSYD5bmzB16d5fLzTsQ3SP7HZkQ8CFgTCXV97ob6w
756QFisoeHA2SkHgS8VAzYGeFMSXMGYvMgjjSyqYQJak
4sD1XVAog4sqAn3jSzLgD1Le7AkZQrfBESvn5bjAFPvS
EWjSCbCCByfVE5LPgyjUFKx9xUt1XC9DKg5FExyV9m5s
6usn8z3W1gqzkrAuvzXGwdZYpxyVnQobxCm68CtA7Dzt
Dq1YqfvraXo3hFTcrmLcuG2NvUQFammaC4hEFqjn2LP1
CKT8sQZ3J4GqbpmBaythFsHhJzCo5HaMo5xxkpFRUzbt
Dj1Lh7sF1jfs5gaLKwt3XHG7U44dfqoZxfEUABtcg6Z5
DLhzXkHnAVZvDrKsFpiVpCsu6MxswEb6UMSfKVv4W7LQ
7rT6BHYq4yTuidWKkqFiLpbJBv1SdDaZ4dmVbqfAPGJn
5Ko3tQKnZgwkxdA4zqR1LsG1NpgJ4bNN1KG1oBqm8YRZ
G81JguGKE9qQpbKNB4cAYh1ZbQmLh9RcoLeP5s1zeGF1
EinVee77tzTSaCW9m617cySFu3wCvXJzd6J5j5ztHn9n
7zzb3thW9wuirP7qAzSkKQSmdvs6d4mfD1mTxmGxJAYQ
GgeqBAyQHVY5JGMtAqRcitSiXVVTb8XTdKWCSxmHPNG7
7cS8NztjvPutJNLuFLABsrUwQSKqth2p8Gp1jqKUp651
8wcjN3MucaY97yGzwXmJz7p56yfAxoFt5nMud1gYXXY2
BkThw92tYNKbz6NMrz3jJpmPgM34spzfEjTx2vZkzYkR
614uz7YTJca7ue69SfkHP8eRYv56uVM79p1hbGVXyC9L
3ebtDZXkDdMLZjDjCdHW4TB33xCyp48odMQfRuUXJYXe
Aj81kWX3V5MLQ2FxRbyZGrpUre5bLFDhyju4etBjGTpk
t7rTa4P6quHmWb4r1BU7cUeeG65EdrwqMeQtUpiGMAS
F1Tn1hJsZf8mfUnUYtmFUgypYLyRVzdXh4xuswyHc7rJ
66nXFw8uh8pUX2m7XyNLXdeDFNHJfpqCE58GJGYr3EpP
7xwQLe1Wh3cZJN9hHCa9knwX69kKSmH1aN8AASrmogyP
Bjj9xvMRztpmvZiQhAYudz2mHrg5B3QqSyEnCh9vciLT
5GgMqfU9mdCYKWzrwiAHEP846YmaQkDtuXeGuFA3cw8S
AepBGvBD3s6zS2bEuzHzy8QWXNS2K1Gt6wbaLMgL4DzC
C2nuXNSXjbnfUCWTafWyAhNpKthuGo84X35MqF94pPoy
D9rfHGNrSNp2kMtiRf6WFrVQZDu9r8F77fqwXdwLGBxy
HYPCHo6ERMpzffeDh7HfRCF8jqgaoRLPJkTfNB7gyson
FPZQwx97qEYfHSeBUxUgFMaxL2FnSqbcErZJwGwK2jxf
zkNgdzqmkG44R4EpugCa9oT1EcsHFdymcS3T5Ek1f9j
2c2oy5HGuQLTjPBBM49ycvJeqYPfQG6mFNzaNBJkLiaw
8Yzsbw7SvizRjTstbuAzCAnp8sxvubB1meEytsxA7z8b
7omxt5n2UZyffzFPDBngcsYE38MsQTpkrupqNWjnBNZF
HcR8g3jc9isN5PqH7PMEsAcAvdJr7dQwQCchAdwsoP1T
4Zs4qf3YKVWXJisALegLr4i4tdzEpC9Q8yXrCW6gzNYi
5pBL2eT78bbmiyi5ktjM7deF7XsmkmDhddwUx4FHcxou
F7n2qCWi92pA1dVfiEES7rVWk62ZNbvECwBPqt7dnk61
HV8GuNAeV1ZRR66qPWEgUFqqSxuGmxMb1eHuxkRx4Wic
FwRD7r5is42ZThR4rZdt2TQFvwsDuGymaSuHK1LWyy7d
7pCFkDC9WprJg87c2CkWHVHP39YzsVj63uD1iWdkYudU
EvXDjQSUab9kGuEW5E3QwiCXcj8zFWt7Dvfkt6w9gJ1z
6H42E6D5F3js13GHqUNzXzJUR5iHPS93vTfNqZmH26EV
5Y4e88yJjCCy5SUftbU6Nemq8dpYdUf8L5Y6hMELXQwW
7iEWjSnbWMrY5feXsHjxMfyvSNuenAz5BmSnYBMAZRV3
QpH5ZemTyfJBVhKJBdSxP993YbM55DeDcSb8guCbsRW
BYLQPFbv82bKUzcLdJD2QLAWzBcxqGRRg6GmGQhr94za
CbtLJx6FNsCcxwmgXaJaYjS22ywnahr4QGRmqHvg1n8n
4PCuY884NR2m7jNm7jzrnnUYyXBzDCAhMywJXPmSVajy
4o3SpXFKvSBgH1LpYp7pxtvKbwtCPhFuLtz7Mi4nghrf
5XjyBy9kJHrcRvv4QP95aqCbNU1q4ahNCHWwbaGtfMtG
AsyERfRTPdkgguKRAxjB3MiGQnxfgcD2a7TaYfpEvFYV
ECzkfE5BQi72YhgUCxVTbBf9TsgYeXoQN42g6Fdbihfg
9S5Tgz2RUeb9WdAeyw3xSuswAAAEiAR4mxMKmrPjVSvu
H9x2sAdvZTW2Xx7cU1gTbLuvX4Utq6QJ5J7oG4nDizy6
BecYVB6Z9hhMCjJ6HzhbTA97QQ9kceG1R1CxVN7AgRrE
Q2ovDeaY25A4wLnhok5Q3TmTjsShBtfEqHkX2DmWSTY
9K2UQzBFsubX23xSqRXUyYi26DUrZFAnT4tjcH4qL5Zb
5JP4TexD3z4vXq1kkgvdPSqnaN8ai16FVuYgnEfhwudZ
CnW9NwFzDZff62dRuv2fzrKVK51LNPNMabheFzkwHpNt
ojxF2CjGy196EbYRstqBSLBMtJB4ERVyBPndih725VV
A3jVzX1uJMTitCRGABzPx6Xuz8KHcNAKHT487UjkH8rJ
53FteQcNHSLPDsKaUVQFFdkKSzHaWQVfcqU9Zbdx1ELz
D2GzrRjvuohopkQqLv6gVRiYZwYmUqsg3hCF5GGMMe5e
CchuDC59s5avMyeWpPAkFEqR4eGZrXQXQLUjpi1JsEne
GTLkoPR3gi7NLB8Jk7dSrxp4NLNTeEK9CwktMz4sqEUd
6BQ89fptvrKbaZBxL2YJfC2PTQBCJuvEDWQ31PoQxKMJ
DcoL3E5fHxX7uznpaC9VBAfFXC7BS6S5NnPb3Vv6HJi7
5z568fRhkL9cqnHSiRYwe1XDuDDikP4W3agptXJsoT4k
7NXjRbFuMXuTUkWnS4NVJ5JFTSaiwXKGQ6mJw2jnWSRe
7AJm4A2HGQiKGowgdyfLXvRB1Kbu1r9Fj7bUe9zeJep6
5iLCoNCuzGPjSBNbyJAqaLYv9eL8ZBWfxFeRgKufJAUW
BeWWqRo8RMAMjvbjTTkwvi6GXNF98Tf1dqPNRzD6YF7C
GvvHZeR3ncMjYoo4jckrkjFfkruP2i3NnXZERmYtWVgv
HPfP5h3Sh9QogFDtPjMhJBqEtd8jGVjJv1JTGDeTWpCK
CEGW4cjuoLJ97hB9mhgZUocghtaMibZ64agUviHyoQF1
B6u9Uz7A81Utt8Q8JvLs4N5Jtdd1tnBLWQXXMFCfo2d1
7qLiReYxwpB5Df1mEkkPU4DaQ5J5NFHVxGdUsmsuKANY
4DGau5Gh7Yaw5j5xFPpNGriDMpJMNfjTbyh5otbEdMEm
GKnbzeDR9L7tBcuN81Ut3QuYtupSsQBuukNsSWTZ4GK9
6aQZSKXsLjgTdtgpGySYQETYDAG4dK5ReJkEi6GnfKEj
GpXM8S3cwAHffmXXCBZKsSfRfA8KankhWki5ZAdz3P5L
G2szU3GWDs59WBTsgbUYoGRjLxvrBpz7TrVc8yNzCpq1
43fzyCojhCZegMCef6achvyCHbV9izG54RsK6jpqnVk2
4TWmmvgy364xDGn6FtrNW1SaEc2NY65xFqqVcH86yDFq
3xC8KDMyiMmxxpZ2FoQknpovvc5zSD2KFi59ukveKKLa
EvWTY5MjNGSh54TYKjerK6gjcKxkBQ1WXwxbqxmhzwZT
6duewfFNDkjCjhEoXPLFLa6FovwwC7M3Hi45L3RyrP1
hQfYEo7sEPu6zAn8ehMCm33bkfgg7uhKR8yAsfjJRr4
CgdbL4ez9Wx97MZpKnbj2d4PmH2BMXuiZVCmSCDhsPPj
FKpEx5wCWFmeM6Cvy8bASic3WcF3QHZWCmGpp4gakwpc
6uvBvFDvjCvmUnFu5MuAtEJFPcES2ZpQnMrqEqiRbvio
2W9L3EgKZgo6BU5FgbaQweCrF9vkhieunpfh8fZbjiPt
9nbB9dHMrWkFV1VGijfbdYRtuBu8712ehTVScZ3VGBQY
AErFXRFobDFzy1A5KkoTGPagHh4HySaNZFUXxFDmFcy6
6pmSf5c6qoKsv3gPmKNhaY2jttY4dz8LXJJ5KW3eUucM
9aEoLYjHgoRYvBhs5tN5XhfWni1fc1fbnDxkxnK7HTug
52Sio3GVas3MAPDxAPn1p7cgfMQW6cqvuDxcHE6JkcUu
HLsUbKSpK252aUs99RDojg2Ah9sFfYet93xht6r1LSJx
FnhT5jzQF6HHqnDk5Zmf9PDFX7Cce6wgJCBd26Snqz6m
J6kv99SDLRNU644XxKN4oh1kRsxoC3Fvnaeu2KY5uhhL
68UMapS1oxoJYnNuKiAxn6YxQpgbpKsehBdNpbmwTeRH
5Ha4JqyBcxZj71f3GDwAhbGKqz5yhc7EEz5jg9jfUUQ9
9vDFRtKXA4oxxF7VPcw4UL5akf6RzsfNRQqtczupZg88
71K8UK8KvmL1eyUyd9Fig3VxjiEjEpeBrk3HvqnqqyGg
26u6wYMEbmKgwRCtgHAp5uBWYZ9Vi6NXKsjoYFJLjNVg
AYQGknBQfQa5cNTNMmnrkK8LupXD8XZGCfYYrbMyHx2B
EYWmgGxjCYp1Z6tbXFdXuWE36JP79Lp9Zr2Qp6sDeafS
473tEktDGqQNMHWdTqs57QtuL5iUtWMLYZjsW1f7QRZh
4HhhZdXoviiruGF7Eiok4Ty9nzEDR8AmNFNBT5MnaPd2
5LwhqhAHEfztv2cbZSqRbx7NVXm5WJS3XtaWqhYdMJYL
8C12VsM7CZ3QQ2zz8vqN6LrvxiLsz3wsUHWKrLCr5QiM
4rRSRPYYGpXvtKTR7amtEvL9ygLvztwffRvJA5tp2Ja7
GqBCJZRCBKGTA2CeLYJhdEejgcQ4n2fgCNrMTf6mDBWK
Ed26BfeqDDaver4Y7XCHSe8FLWU5e1uKL8thmQpN5CvK
7JdWJcqHozb4PXN5nptmFELHSsBHJTed2VMoqvt36moc
HWyKeBkwCSePnPx9pgNu2ybz3HAsD8QRDUkPQdR34FXA
3DXMTwG6zCxvZLzJJHE8dsH8yEpWhebFKmELTEEREiyA
6LxJ4MWUxY4vbTZdX95Uuufah4KfmDrJoyv7BbbZ5N7X
DaycQtFSh21w4j2qWDARWa27Gg4ngpgLC8FisKN4k442
8whCKiu9MfZTtTzp4S3R2grYfQjj3rAkhnoHCQkj243q
CZ1uDrwvtdKCJjJPVBHAARQYR54JGwp4VjdoBAvyg2K9
K7mfje6Yn7z8MGEyLwa81dHjGYzFzzvBYrvcN9MfNhX
CVqrRJmmKdfmNHK9P6i5pTt9ghyitWEa5XSvtsvkQg9
DS6tCCubmSpD6ywEomWxnSZ75GXy7NGJaYuwMvHpR7eo
A4DYuSmTQ5Mek2fDNBiyTUVBRoYpAkf2GHdwz3f82j3L
Agh4enLiVuMb3rnSrwuqv3w2psbbymKdgiHoYkbTpx9k
7AWjEGBrAgTdtgw5NRuuztjuwdwgtwAeaazHQSgVt8nt
BL5P8ZsQFW5JiGaBiGWgEUGzygwgJ3Rwicg6PHF7YQy3
CFuyapXNucSoUCpyAe9VC1L7xVuzjK1GvEZGpCag9xPb
H5CevH4cw55pZdXUiZp1yuTiGu9RSCh4Nt35fathZ5Jb
AUn2bGMkz9on2qiuxQHLAEwVfCNyeE64bu3m2DWAU2yh
FfiyegRMepXE6vADoq3ScUuTwt5J7AyuFgPCxk4gB2Dw
13pNHZacEnNA3impGwDr2qizY1EmJQNqFDWZWPei9Pyc
6H7XUneTaLuph8oN2PGiBJY7pEirzZ4gj4NtT78eghP9
CcVeRzGBtjtYujAdCDhz8NPR1rCcUCkPsNfx23fDFzBJ
HQZvLiWtPaFewDibiHxB2rQRSciyQvpU31HFsYZG5yGz
6P5vEbfWHRQu88xQh7apEwr6GFCt3zxGWxattyECwUdF
8NDrcoqL4ph5qS9Z2unAy8Ju9Uw7XZYoffjPFT6fCPyT
4cJoPZM9kowJtpzhjTAJW6aZSZUwZdZysCSYg5JNCfTE
HcL17RXPJG293w3daRktQ5R9JSqtR9VyV84S4YoUn8z8
Az1VjRzrSu6bU58Papj8cSPxiPQB1kw9EneccUF4TziN
8ZBZjx5qGech8uF75uzW9HcxrNhPXfgs8F7VuERVdrZz
C4V8avqbnUdkZA5AAH2aLfCpks8T4WFz7bpJjoNoa4Zm
6YD8RheLgVeDoxnJquiEFFFFSNBxLHr22sjH42QRrNt
8JgAR39M1sEwNNiTtmiAPGSyFxt353zHpNhgJnVmYsYX
4KQQK64C4PqqoqzkAren8yA1598oEMo6G4URiijKvV3P
2GER6orNrhm9xtzx84iAK63mPqC7HfMRExg1SbNGSjFC
F29TcHYxSSmUPYMeYne57mAu1syv8xkooC2KFHXDLaop
CSX5ZRFzpVjhCtsmQnhNpWY6TvcXCB54gkwY1kch8zL
8FsTEAG8H3pTTQ7XDFcetY2PLinDwc6iUV7N4ycNPNSq
4xKqycA77bzHF5R57QXdfy9X7zi2aQkt4LayNUFF9Uvj
FLeiG4mrWHr7QBmDpxsQbvSewTsStZvQyQgPj8wFB1z6
DoCgDiivxwVgZepSsEEQxaPN1BLVAcKh7efwTZzD5ceS
EKnQAFKBHDqxEG9iKkrQu545XzHmy16svL9b2HejQKmw
D68wyYs5w3VZDBJ8WVvjYkaQ9HGL331ju2ucV9FSUmwW
BB6tnEjxScB5nbt4rEtkri7pSRiqNXedrQeXZ9PXmtHd
2fBAvA2XGfZe77hSQUigf6ytSACVNVvR7z59CC6dgkcX
2JEfWeD5MfHEmUC17xTyxW34Sh3QFCZSAmqcqsAco2US
ANDyok6wZngEa7ULJypgewAeuqbQWCBGxV2jsaNgCiUM
GGyaduUdwFjdge4Pt1xPDoatqwVGukFEEQT4GehxoMRM
CNTbZ7ZpGAPjdpjiMET9QEYEqXsuENJY8ytNXhLgfFeL
EaSepCZSbSkAXkaCPvKu4D7Kk6TNMu1G5xfs46nKAmC9
7eU9Mhs5xPjniWuNfKnLGHRAZA6nmG9CYbQKWTsrqwpV
2PPbpAkjUYviE2ecFTz43SmzisNpiCAfViad39kKDiZ2
JBRacQ22aoTxbDYxdbj4u4Xhjfy6W3eHZVJkhDXKPMpB
HMoeR1yiqG2LFs35Q9TBXyVQFRfDzmyxt9fDwEQidLus
E3GKk4UM9PivUX75ECUqPgKNdBQsAZKE2ZyC3Eqj6Xdi
8u76WiZ79TJcfoVsyS21fWzzKW524XsdCR39ubdiQnaV
6wBSfUVEGkuAnVs2sV8t5wziWnNGvvRs6cmJ16EtCsp7
EfEyvu51DiDF44kfX8oA1sWSALiFaq4J3f6GUepdVdE3
3yZmJS1eS7aonN3TTgFwDTzDBv9ooEP3KkUjdnSWkRMN
CZ4BTBFi5REfm2b7TWr9xa4hD12Y2J3ZTk9STFcA2NYU
BH44iY6y1aMAb436ERU2VtoBrquXmSi9GfFRrMpAuz4R
KYhQRkYX4pdEd3zfDUinNDdunRQKX2DRdJYtQxRH8Z3
Fq4QzSBfozcFkmGEcceQnErdZK23DBzWsdmV8c8ZVWou
CBESEdWn25VsA5V15uSsjpjgz6mVvpHf225Kk7hjzUWH
DZSqCszUsRoth5qkWB8y1ARpTFpMdEaVN32mgBKjABnZ
3jg231AxuqN7oU5UMVrafpbmaSQY3eVwuEBxnQxfBcxP
HhpEEqiiu9cK9NXhNRvR36W4kGrsxB2AUd16Xv54eTyt
8ADrofWw9vVs4gBZzDExa4WnkQBVvuf9TFZkVyUT2C6F
Hv8sZCbPiwdNAnWehQFt5bvU6voWP6mjnVWj3mCNFJ5X
C4UxDs48ofY1jTLwCXxeboo6RdRPJPaTBixTtbntDEeL
Q5Kb7LqScRSJHfe64apBKcQx5neDWyZyDbCnUqRsWPM
C7QFcZxmCKG94dpP3vG5drdQ8xMdPCbQCBPhyEEyFU5L
2f6XQrh3MLs6QUqbsmSzdkrvHV9NkEav1W1TcFVEoLv8
6jhQjTg1ocgZ6ajabh4LqLH5bjDs7ThxtfbxeProdCqR
7P2hm4vVs7WwkC2Dg1DbhVsJ7cQZAkoAAGUKCohwqW7s
7sL4ehxzaYhFDWALyGFbDwRiY7qaJ3yfpj76gP9RsK5h
68bDmEPou3v12jnFKk5QAf8Hu5kGsUVBV9fZV61MGLcX
2LEwTbMJdKUio8jBdc1P9Yfp3Q7r5iSsTQV1RC5WmPiA
6rhg5jRMG6v4jcgqUSiLttJoZqXRR5G8a6PpFvjr4orD
3WBNSacU6DgxkJXAuP4rLgX1MHoTrBHt9Y8CvGTspQA1
7X1PPa7Z9a9H2KKbonZCWCBxPvCofxXvw64gkQgFZWje
CsynwfVBcuB6kdbMB89UXisQcMCVjqmysyqCp3A3XaHK
J9YDKi24vuCNoTGatDi17mVGas4Hgb1rqPNMPBowyiH8
5ijPCm1s8epSAxceSP3DRotJCe4yWirS98UGDTopr8oa
AiT7Q9q8Y7jh2pdDDXA745tm3H5mpjCwRsp32VAnzJt3
E5qqmpCuzwk3sVCCt7NKjXhbZtyajURcy6bHZ11kLn1c
3gbTcyMFKh6opyNcKpRRod2Csjz1NtW1GQmf7M1aXjbG
4eUX7S6kG27D4UTKGoCRchiT981qrF3j7Y3NkZePyp67
51VsdLFRDSNVyCJ2tmfSWiHQKe29tRZwdHncTA33uUYp
9JfBnBGqNHncJbE1QmXxBRU3cvMonXmy9FU8d4aMbxxR
A9anELTGSsCAbPGsTjRFmgHXfwCWxahR5xMnsDyuErpR
BKW5axvybzM1k99ttH2ihChSwDF9jp3aaChR2opX7DsL
87eTjx6HkrGW7Bzzk6CWsEmxMMAuPZEAMX34t4FBmVaJ
68DaoEt9tAsrag199gf1kQzUfDX7K5gYNntwuYfQQBPr
4D1hWyzb7XzSC3krDDz4L6dZykpdVm9p2zDXLSN3X6Rm
24khzsWUrK1LweuusF7TUtfWm9a6ZNeiqLgQ9WWpmkg3
2fA4JbT6q6q2CUHvNaBYjm7GZxPC2UdQrq5aYvfhpEhu
3rrEzk9tSpybFsH8dng4LZcXN1tL471WuaTsTXyNUMEn
FDLRZr8oBA8CSPihXQfQEUeYfQTCMYYu2Jr5n3P3noC9
BNR42tLZbMMsvLhcHLNDw3qNxm6n9A2VqLLxACnuKJ2k
AFGVHeKM6fy2u5VzxXi8qenhzJLakttwDyS9jNLdei1N
Cdhm7z6bkoKUbLobVJfub8wBLb2ruLirBroNzGCdFeE8
GwWAzLuogyFvYwpP2SDD5yPSfqzTtDB8C3ee5GKEhNB1
Q31iKE15YsgKSPzfhZm4hxALqKCtS5wxGTQYAGePqeW
5kLiniuwmhWM1J4GMaH3AFfM2ME722VTjTXtfTUStgEg
D8XjfMV6WmKxuAi1LWb8UWcvds2MiyjMWuJ6QNw5tYrC
ASdsgmLZReSxSGzj5tECYUxvm9A3zTbDftXmjvYq32Hi
FLqqDc5ocGv7fdA1RK1QuvE9xCXUyBLuTnup2sDLbYML
2gQ37ZcF5G8Ebegu3w4LxvN8KHLCGk59EY23717hvmXK
PSciTLE9ccGqYYpXQMQYPcgy3eowimP65ZtsqX38Bxy
E3A7WvrigJBSVr2hDodiwyTuWYwQhdSLUTcup5XQkFTe
GbQJDLwPQ8aw3zVmhZmAPK1eqQcpi4oWC7V4U34N11dS
2NpJpyheXdxcgRfmn5171HKBd7Z95YkXQmdyyVf6ndc8
HvPLJ6ErLqPaZ4YZdxJdbkgpAk5g5d6fnDzSDaNsFCmn
ysBGU6miK5zopAswBh88gPRtyLbbKQ1PMVdpGhDhD4K
9zLcxbunSiFfdqEmQeyRWer3cK98hg5VESuNkpCQmPdK
9YWwereH2bkXqQFQjuBKWWjGgwxzUsnkgLktiUq2LJrm
HqDdaNqmeDLbzXT2xAXYc45f6GX9Xn61rQp9bbQhF3wS
4qXqBaKP7GMeeeeu6E5nGbT1BFMAfLcvKUd6dBa2kYAV
BeqTMYgdxeSrpCshc9xXyE5evnuHCDr84QGztf1Zvy4G
BWv6bhhAqGXWmHWy92Li8F6vSSidkAs8zau27DRcJk28
3ooS54gavzDX8mH4rmMRHVMmLimHzsYJuF4dLMGnPN4S
2v6JjYRt93Z1h8iTZavSdGdDufocHCFKT8gvHpg3GNko
Wckh6DbwcBCKYx47o2xB5Z1rMTaWKkMGGPqKN36DjXN
9DZ42hgSmGqDbShua1C6hiyx81vwQvb3CPDag86BPTSm
3X8bzsfyMzrRa2Z3toF9L2mCBMNedPWgmAnVDfxF3NKW
CbcfGvf31ZL8yfdNrs8dzEpdXG22Qj19wKDNEeBRH7SZ
J3rDmbg8iBkKazQ3jWkg2tQUTGtVkt4mMaxFggbziJgB
6kTKxTg596YgXztkXLSzJSN1FaV7zpP8Pn1DUcjjwLeH
A1zBFdein5yheP4anxA1eBHvMUPGJprovVnTu3Y9Z2og
3XBXAKqnFbJk5Ewd3Edmocq1TjMF87GuWocgRsaxu8kJ
3Nd532ZQ6WkkwBSvFz4e8JN7ZWxH3fUWrqZDUWrWM6V6
4cRKueagFXQXjUr5bEDYUt1yTsqvAYT5a61pg71A6BVE
HwpXtyaeVwanAVxzzwEMcKM4PLi288A3YfmH9mHuT8Lx
8RSNjg8ganJkhTCcJYTsvSsmaNom24bkv93MSfuSQU1y
136CvagJ2ijRzbQHDAdiMjTYfC6PeLy8Rofuw6qT5o7r
H1iekapL6qLdTHrZtC4DUdUuX3ZbxNRZ1Rc8ZAbWksKt
7iJEZmnsfeXNZ45ZrS6T1aoKWMWgibh1cE8eQcFkQSHV
98hgmnQoVn1WbHRrxikPib2oyeMiE4LvNrrsD8yyYKE8
EvFp26U82nfqYLKSbT7VDuKMgj5VAsMbJKvQGwpTGDWS
BuK7Jj4ZZZ2XMgbDUQcREvxgXjg4SppcRydG3aG1BRQL
61RMCeo2xzxgfiAyAFJwgMYWawoH2tazfZeYjYT9QzmF
GpBbyB6nke9H6EvYYsa4S5SND3wHyurcpFeKW5fgahLb
EtynMg7uQ1xQtAk9BNgGggUUcsX1AZcgjjypiose225C
4qp88Vn2djUT5VPbjxizstzZRphVt6LKrGpcNnP6BkWf
9VhPRS4CmDC62nUnVvdPmseCQ87ox4VpNnYaq9dTZETE
99rUZeHK5wjsfLP2YGFcC8FAgTve72uF7x6oEEvE2bpd
3svfxyb3m9tYQZQi9QSKjjiP4eYMQyRLxzyna4aTSJCS
J52tTVVKihH9VKWqFsBAAZaEeSzTqkMHBrxXn9ShL2ef
AMn8FjSRokNE2YJDe8AwTropb5LwVFehttVP4yhe1bKd
BrJRcrhPsXbdoejXthtTLgARyAh1j2G3oKbc2h8sMAwL
7wcSPURpJs4nx7Mt6ZwTKA79vXLN261bS5H69Kgmoqgb
CzdYtpsf5JKbiaS3nXDLQJtCoiYT451nYdyJQZMDU1dU
HQgHdKvLmKCJGKDec2eberPe6nPq1CxVyYGo8vjUqbWq
AyJLYWwqByJoHVdwprzcCRCZhKfR5Uveg7WwqYpmUmHH
hA4kWfypbuPv6FhxLQFMZCqaRmDuZRKBEu38Lk374S6
66Ym5uXqqLk6i8MFnsYbZreHvowF3VxDoftkfF8d4SuX
2JrXxXGiYaadTKcssdZGNBjRNRGESgNzP5HhJTLhF3x6
2QqejobqEb5d8RuHNxpUWrFytQ3yE3szXDbMhP79bjdb
BjLChg3ockhhNuCyZuFJjiTAT6C9KQcSMUUDFiDCmZ1H
55uiZV7scrPWiiqTEL3xZBhTVWKsYPDYmQP92GEXK7x4
2qnyfZ1iJZbvG4EGY8T4kASmwynqH6N5nshmMPBLqd1k
AipDEQNi1u1mvNgWU3D2auxiwfhh22MaRFFfkY11kxDQ
DsHQ59oGXkxAjdsUMbqxaJF4uDYxyithk3PupQhaSBFy
4dghwtUxyVbuzz6LP41UbUiHJNBJkRQQEu5rdi1EYhPA
3eobrKdFET2zB58LE8Fme3iEyHVePNFb31ckiRrAFLdK
8DuBpKohdauBvFJ4f2JXmhuhEd23murpvGUFSuvrh7p9
5Hq4p5z95BVRxGV6c3dRxr8yDyA3WjFbZk6xB2tvSnUK
6vCeDCPs7H8BKJHkuZFzGpuh6AFn5D6oFPy3SKVZDR9K
H9sTUMRhxNThtNVVLvaSJGFuWmrZ2qw3CUY3DfJH86yH
9SwzuQVpyVcRu3k1eHzeJYM772PxyxU3APSFYw8vMuKi
